<?xml version="1.0" encoding="UTF-8" ?>
<testsuite failures="0" time="0.01" errors="1" skipped="0" tests="1" name="com.tonghang.web.user.service.UserServiceTest">
  <properties>
[...]
</properties>
  <testcase time="0.01" classname="com.tonghang.web.user.service.UserServiceTest" name="test">
    <error message="Error creating bean with name &apos;com.tonghang.web.user.service.UserServiceTest&apos;: Injection of resource dependencies failed; nested exception is org.springframework.beans.factory.NoSuchBeanDefinitionException: No bean named &apos;userService&apos; is defined" type="org.springframework.beans.factory.BeanCreationException">org.springframework.beans.factory.BeanCreationException: Error creating bean with name &apos;com.tonghang.web.user.service.UserServiceTest&apos;: Injection of resource dependencies failed; nested exception is org.springframework.beans.factory.NoSuchBeanDefinitionException: No bean named &apos;userService&apos; is defined
	at org.springframework.context.annotation.CommonAnnotationBeanPostProcessor.postProcessPropertyValues(CommonAnnotationBeanPostProcessor.java:307)
	at org.springframework.beans.factory.support.AbstractAutowireCapableBeanFactory.populateBean(AbstractAutowireCapableBeanFactory.java:1204)
	at org.springframework.beans.factory.support.AbstractAutowireCapableBeanFactory.autowireBeanProperties(AbstractAutowireCapableBeanFactory.java:385)
	at org.springframework.test.context.support.DependencyInjectionTestExecutionListener.injectDependencies(DependencyInjectionTestExecutionListener.java:117)
	at org.springframework.test.context.support.DependencyInjectionTestExecutionListener.prepareTestInstance(DependencyInjectionTestExecutionListener.java:82)
	at org.springframework.test.context.TestContextManager.prepareTestInstance(TestContextManager.java:212)
	at org.springframework.test.context.junit4.SpringJUnit4ClassRunner.createTest(SpringJUnit4ClassRunner.java:199)
	at org.springframework.test.context.junit4.SpringJUnit4ClassRunner$1.runReflectiveCall(SpringJUnit4ClassRunner.java:251)
	at org.junit.internal.runners.model.ReflectiveCallable.run(ReflectiveCallable.java:15)
	at org.springframework.test.context.junit4.SpringJUnit4ClassRunner.methodBlock(SpringJUnit4ClassRunner.java:253)
	at org.springframework.test.context.junit4.SpringJUnit4ClassRunner.runChild(SpringJUnit4ClassRunner.java:216)
	at org.springframework.test.context.junit4.SpringJUnit4ClassRunner.runChild(SpringJUnit4ClassRunner.java:82)
	at org.junit.runners.ParentRunner$3.run(ParentRunner.java:231)
	at org.junit.runners.ParentRunner$1.schedule(ParentRunner.java:60)
	at org.junit.runners.ParentRunner.runChildren(ParentRunner.java:229)
	at org.junit.runners.ParentRunner.access$000(ParentRunner.java:50)
	at org.junit.runners.ParentRunner$2.evaluate(ParentRunner.java:222)
	at org.springframework.test.context.junit4.statements.RunBeforeTestClassCallbacks.evaluate(RunBeforeTestClassCallbacks.java:60)
	at org.springframework.test.context.junit4.statements.RunAfterTestClassCallbacks.evaluate(RunAfterTestClassCallbacks.java:67)
	at org.junit.runners.ParentRunner.run(ParentRunner.java:300)
	at org.springframework.test.context.junit4.SpringJUnit4ClassRunner.run(SpringJUnit4ClassRunner.java:162)
	at org.apache.maven.surefire.junit4.JUnit4Provider.execute(JUnit4Provider.java:252)
	at org.apache.maven.surefire.junit4.JUnit4Provider.executeTestSet(JUnit4Provider.java:141)
	at org.apache.maven.surefire.junit4.JUnit4Provider.invoke(JUnit4Provider.java:112)
	at sun.reflect.NativeMethodAccessorImpl.invoke0(Native Method)
	at sun.reflect.NativeMethodAccessorImpl.invoke(NativeMethodAccessorImpl.java:57)
	at sun.reflect.DelegatingMethodAccessorImpl.invoke(DelegatingMethodAccessorImpl.java:43)
	at java.lang.reflect.Method.invoke(Method.java:606)
	at org.apache.maven.surefire.util.ReflectionUtils.invokeMethodWithArray(ReflectionUtils.java:189)
	at org.apache.maven.surefire.booter.ProviderFactory$ProviderProxy.invoke(ProviderFactory.java:165)
	at org.apache.maven.surefire.booter.ProviderFactory.invokeProvider(ProviderFactory.java:85)
	at org.apache.maven.surefire.booter.ForkedBooter.runSuitesInProcess(ForkedBooter.java:115)
	at org.apache.maven.surefire.booter.ForkedBooter.main(ForkedBooter.java:75)
Caused by: org.springframework.beans.factory.NoSuchBeanDefinitionException: No bean named &apos;userService&apos; is defined
	at org.springframework.beans.factory.support.DefaultListableBeanFactory.getBeanDefinition(DefaultListableBeanFactory.java:660)
	at org.springframework.beans.factory.support.AbstractBeanFactory.getMergedLocalBeanDefinition(AbstractBeanFactory.java:1157)
	at org.springframework.beans.factory.support.AbstractBeanFactory.doGetBean(AbstractBeanFactory.java:280)
	at org.springframework.beans.factory.support.AbstractBeanFactory.getBean(AbstractBeanFactory.java:198)
	at org.springframework.context.annotation.CommonAnnotationBeanPostProcessor.autowireResource(CommonAnnotationBeanPostProcessor.java:443)
	at org.springframework.context.annotation.CommonAnnotationBeanPostProcessor.getResource(CommonAnnotationBeanPostProcessor.java:417)
	at org.springframework.context.annotation.CommonAnnotationBeanPostProcessor$ResourceElement.getResourceToInject(CommonAnnotationBeanPostProcessor.java:542)
	at org.springframework.beans.factory.annotation.InjectionMetadata$InjectedElement.inject(InjectionMetadata.java:155)
	at org.springframework.beans.factory.annotation.InjectionMetadata.inject(InjectionMetadata.java:87)
	at org.springframework.context.annotation.CommonAnnotationBeanPostProcessor.postProcessPropertyValues(CommonAnnotationBeanPostProcessor.java:304)
	... 32 more
</error>
    <system-out> | 2015-12-13 16:38:04,710 WARN - RootClass.checkCompositeIdentifier(288) | HHH000038: Composite-id class does not override equals(): com.tonghang.web.statistics.pojo.ActiveUser
 | 2015-12-13 16:38:04,722 WARN - RootClass.checkCompositeIdentifier(289) | HHH000039: Composite-id class does not override hashCode(): com.tonghang.web.statistics.pojo.ActiveUser
 | 2015-12-13 16:38:04,723 WARN - RootClass.checkCompositeIdentifier(288) | HHH000038: Composite-id class does not override equals(): com.tonghang.web.record.pojo.Record
 | 2015-12-13 16:38:04,724 WARN - RootClass.checkCompositeIdentifier(289) | HHH000039: Composite-id class does not override hashCode(): com.tonghang.web.record.pojo.Record
 | 2015-12-13 16:38:04,726 WARN - RootClass.checkCompositeIdentifier(288) | HHH000038: Composite-id class does not override equals(): com.tonghang.web.card.pojo.Card
 | 2015-12-13 16:38:04,727 WARN - RootClass.checkCompositeIdentifier(289) | HHH000039: Composite-id class does not override hashCode(): com.tonghang.web.card.pojo.Card
 | 2015-12-13 16:38:04,729 WARN - RootClass.checkCompositeIdentifier(288) | HHH000038: Composite-id class does not override equals(): com.tonghang.web.friend.pojo.Invitation
 | 2015-12-13 16:38:04,730 WARN - RootClass.checkCompositeIdentifier(289) | HHH000039: Composite-id class does not override hashCode(): com.tonghang.web.friend.pojo.Invitation
 | 2015-12-13 16:38:04,731 WARN - RootClass.checkCompositeIdentifier(288) | HHH000038: Composite-id class does not override equals(): com.tonghang.web.location.pojo.Location
 | 2015-12-13 16:38:04,732 WARN - RootClass.checkCompositeIdentifier(289) | HHH000039: Composite-id class does not override hashCode(): com.tonghang.web.location.pojo.Location
 | 2015-12-13 16:38:06,600 ERROR - SchemaUpdate.execute(261) | HHH000388: Unsuccessful: alter table active_user add index FK_r3p0fk5o0dr530vval1ri2o4x (client_id), add constraint FK_r3p0fk5o0dr530vval1ri2o4x foreign key (client_id) references users (client_id)
 | 2015-12-13 16:38:06,601 ERROR - SchemaUpdate.execute(262) | Can&apos;t create table &apos;tonghang.#sql-8c0_3b8&apos; (errno: 150)
 | 2015-12-13 16:38:06,679 ERROR - SchemaUpdate.execute(261) | HHH000388: Unsuccessful: alter table blacklist add index FK_trtwvxta3hfatn1s1t14i3lsp (blocker_id), add constraint FK_trtwvxta3hfatn1s1t14i3lsp foreign key (blocker_id) references users (client_id)
 | 2015-12-13 16:38:06,680 ERROR - SchemaUpdate.execute(262) | Can&apos;t create table &apos;tonghang.#sql-8c0_3b8&apos; (errno: 150)
 | 2015-12-13 16:38:06,789 ERROR - SchemaUpdate.execute(261) | HHH000388: Unsuccessful: alter table blacklist add index FK_i8nqlriwjts0sbsdvoha08ydc (client_id), add constraint FK_i8nqlriwjts0sbsdvoha08ydc foreign key (client_id) references users (client_id)
 | 2015-12-13 16:38:06,790 ERROR - SchemaUpdate.execute(262) | Can&apos;t create table &apos;tonghang.#sql-8c0_3b8&apos; (errno: 150)
 | 2015-12-13 16:38:06,795 ERROR - SchemaUpdate.execute(261) | HHH000388: Unsuccessful: alter table cardhistory add index null (client_id), add constraint null foreign key (client_id) references users (client_id)
 | 2015-12-13 16:38:06,796 ERROR - SchemaUpdate.execute(262) | You have an error in your SQL syntax; check the manual that corresponds to your MySQL server version for the right syntax to use near &apos;null (client_id), add constraint null foreign key (client_id) references users (&apos; at line 1
 | 2015-12-13 16:38:06,930 ERROR - SchemaUpdate.execute(261) | HHH000388: Unsuccessful: alter table feedbacks add index FK_3hhg7i0qlb8jd88jlocl72nos (client_id), add constraint FK_3hhg7i0qlb8jd88jlocl72nos foreign key (client_id) references users (client_id)
 | 2015-12-13 16:38:06,930 ERROR - SchemaUpdate.execute(262) | Can&apos;t create table &apos;tonghang.#sql-8c0_3b8&apos; (errno: 150)
 | 2015-12-13 16:38:07,053 ERROR - SchemaUpdate.execute(261) | HHH000388: Unsuccessful: alter table questions add index FK_cu474t1c9oc0f1l8d1iwg1nc0 (anchor_id), add constraint FK_cu474t1c9oc0f1l8d1iwg1nc0 foreign key (anchor_id) references users (client_id)
 | 2015-12-13 16:38:07,053 ERROR - SchemaUpdate.execute(262) | Can&apos;t create table &apos;tonghang.#sql-8c0_3b8&apos; (errno: 150)
 | 2015-12-13 16:38:07,277 ERROR - SchemaUpdate.execute(261) | HHH000388: Unsuccessful: alter table questions add index FK_e3hyqckbsqy9ncdof0whfjn1r (asker_id), add constraint FK_e3hyqckbsqy9ncdof0whfjn1r foreign key (asker_id) references users (client_id)
 | 2015-12-13 16:38:07,278 ERROR - SchemaUpdate.execute(262) | Can&apos;t create table &apos;tonghang.#sql-8c0_3b8&apos; (errno: 150)
 | 2015-12-13 16:38:07,507 ERROR - SchemaUpdate.execute(261) | HHH000388: Unsuccessful: alter table record add index FK_1yj2gi4ynrjh6lrc93sehty07 (client_id), add constraint FK_1yj2gi4ynrjh6lrc93sehty07 foreign key (client_id) references users (client_id)
 | 2015-12-13 16:38:07,507 ERROR - SchemaUpdate.execute(262) | Can&apos;t create table &apos;tonghang.#sql-8c0_3b8&apos; (errno: 150)
 | 2015-12-13 16:38:07,662 ERROR - SchemaUpdate.execute(261) | HHH000388: Unsuccessful: alter table room_followers add index FK_qw5wh50u2iy3ob8pogaggtcg (client_id), add constraint FK_qw5wh50u2iy3ob8pogaggtcg foreign key (client_id) references users (client_id)
 | 2015-12-13 16:38:07,663 ERROR - SchemaUpdate.execute(262) | Can&apos;t create table &apos;tonghang.#sql-8c0_3b8&apos; (errno: 150)
 | 2015-12-13 16:38:07,782 ERROR - SchemaUpdate.execute(261) | HHH000388: Unsuccessful: alter table rooms add index FK_5ds5nxn7q34al55fr9wqmqttb (client_id), add constraint FK_5ds5nxn7q34al55fr9wqmqttb foreign key (client_id) references users (client_id)
 | 2015-12-13 16:38:07,782 ERROR - SchemaUpdate.execute(262) | Can&apos;t create table &apos;tonghang.#sql-8c0_3b8&apos; (errno: 150)
 | 2015-12-13 16:38:07,915 ERROR - SchemaUpdate.execute(261) | HHH000388: Unsuccessful: alter table secret add index FK_dxoedotgaei7q2v5314a688v1 (client_id), add constraint FK_dxoedotgaei7q2v5314a688v1 foreign key (client_id) references users (client_id)
 | 2015-12-13 16:38:07,915 ERROR - SchemaUpdate.execute(262) | Can&apos;t create table &apos;tonghang.#sql-8c0_3b8&apos; (errno: 150)
 | 2015-12-13 16:38:07,917 ERROR - SchemaUpdate.execute(261) | HHH000388: Unsuccessful: alter table system_config add index null (app_code), add constraint null foreign key (app_code) references apk (app_code)
 | 2015-12-13 16:38:07,918 ERROR - SchemaUpdate.execute(262) | You have an error in your SQL syntax; check the manual that corresponds to your MySQL server version for the right syntax to use near &apos;null (app_code), add constraint null foreign key (app_code) references apk (app_&apos; at line 1
 | 2015-12-13 16:38:08,007 ERROR - SchemaUpdate.execute(261) | HHH000388: Unsuccessful: alter table user_topics add index FK_ogpb1qhqgmwmct3d6jecrcvsl (huanxin_group_id), add constraint FK_ogpb1qhqgmwmct3d6jecrcvsl foreign key (huanxin_group_id) references topics (huanxin_group_id)
 | 2015-12-13 16:38:08,008 ERROR - SchemaUpdate.execute(262) | Can&apos;t create table &apos;tonghang.#sql-8c0_3b8&apos; (errno: 150)
 | 2015-12-13 16:38:08,144 ERROR - SchemaUpdate.execute(261) | HHH000388: Unsuccessful: alter table user_topics add index FK_9hhsg3mpv11hvw724bft005o (client_id), add constraint FK_9hhsg3mpv11hvw724bft005o foreign key (client_id) references users (client_id)
 | 2015-12-13 16:38:08,145 ERROR - SchemaUpdate.execute(262) | Can&apos;t create table &apos;tonghang.#sql-8c0_3b8&apos; (errno: 150)
 | 2015-12-13 16:38:08,239 ERROR - SchemaUpdate.execute(261) | HHH000388: Unsuccessful: alter table users add index FK_7it5mrsltdf8f93rppibu1jpq (channel_id), add constraint FK_7it5mrsltdf8f93rppibu1jpq foreign key (channel_id) references channels (channel_id)
 | 2015-12-13 16:38:08,240 ERROR - SchemaUpdate.execute(262) | Can&apos;t create table &apos;tonghang.#sql-8c0_3b8&apos; (errno: 150)
 | 2015-12-13 16:38:08,463 ERROR - TestContextManager.prepareTestInstance(215) | Caught exception while allowing TestExecutionListener [org.springframework.test.context.support.DependencyInjectionTestExecutionListener@29a8186c] to prepare test instance [com.tonghang.web.user.service.UserServiceTest@5adb6fd1]
org.springframework.beans.factory.BeanCreationException: Error creating bean with name &apos;com.tonghang.web.user.service.UserServiceTest&apos;: Injection of resource dependencies failed; nested exception is org.springframework.beans.factory.NoSuchBeanDefinitionException: No bean named &apos;userService&apos; is defined
	at org.springframework.context.annotation.CommonAnnotationBeanPostProcessor.postProcessPropertyValues(CommonAnnotationBeanPostProcessor.java:307)
	at org.springframework.beans.factory.support.AbstractAutowireCapableBeanFactory.populateBean(AbstractAutowireCapableBeanFactory.java:1204)
	at org.springframework.beans.factory.support.AbstractAutowireCapableBeanFactory.autowireBeanProperties(AbstractAutowireCapableBeanFactory.java:385)
	at org.springframework.test.context.support.DependencyInjectionTestExecutionListener.injectDependencies(DependencyInjectionTestExecutionListener.java:117)
	at org.springframework.test.context.support.DependencyInjectionTestExecutionListener.prepareTestInstance(DependencyInjectionTestExecutionListener.java:82)
	at org.springframework.test.context.TestContextManager.prepareTestInstance(TestContextManager.java:212)
	at org.springframework.test.context.junit4.SpringJUnit4ClassRunner.createTest(SpringJUnit4ClassRunner.java:199)
	at org.springframework.test.context.junit4.SpringJUnit4ClassRunner$1.runReflectiveCall(SpringJUnit4ClassRunner.java:251)
	at org.junit.internal.runners.model.ReflectiveCallable.run(ReflectiveCallable.java:15)
	at org.springframework.test.context.junit4.SpringJUnit4ClassRunner.methodBlock(SpringJUnit4ClassRunner.java:253)
	at org.springframework.test.context.junit4.SpringJUnit4ClassRunner.runChild(SpringJUnit4ClassRunner.java:216)
	at org.springframework.test.context.junit4.SpringJUnit4ClassRunner.runChild(SpringJUnit4ClassRunner.java:82)
	at org.junit.runners.ParentRunner$3.run(ParentRunner.java:231)
	at org.junit.runners.ParentRunner$1.schedule(ParentRunner.java:60)
	at org.junit.runners.ParentRunner.runChildren(ParentRunner.java:229)
	at org.junit.runners.ParentRunner.access$000(ParentRunner.java:50)
	at org.junit.runners.ParentRunner$2.evaluate(ParentRunner.java:222)
	at org.springframework.test.context.junit4.statements.RunBeforeTestClassCallbacks.evaluate(RunBeforeTestClassCallbacks.java:60)
	at org.springframework.test.context.junit4.statements.RunAfterTestClassCallbacks.evaluate(RunAfterTestClassCallbacks.java:67)
	at org.junit.runners.ParentRunner.run(ParentRunner.java:300)
	at org.springframework.test.context.junit4.SpringJUnit4ClassRunner.run(SpringJUnit4ClassRunner.java:162)
	at org.apache.maven.surefire.junit4.JUnit4Provider.execute(JUnit4Provider.java:252)
	at org.apache.maven.surefire.junit4.JUnit4Provider.executeTestSet(JUnit4Provider.java:141)
	at org.apache.maven.surefire.junit4.JUnit4Provider.invoke(JUnit4Provider.java:112)
	at sun.reflect.NativeMethodAccessorImpl.invoke0(Native Method)
	at sun.reflect.NativeMethodAccessorImpl.invoke(NativeMethodAccessorImpl.java:57)
	at sun.reflect.DelegatingMethodAccessorImpl.invoke(DelegatingMethodAccessorImpl.java:43)
	at java.lang.reflect.Method.invoke(Method.java:606)
	at org.apache.maven.surefire.util.ReflectionUtils.invokeMethodWithArray(ReflectionUtils.java:189)
	at org.apache.maven.surefire.booter.ProviderFactory$ProviderProxy.invoke(ProviderFactory.java:165)
	at org.apache.maven.surefire.booter.ProviderFactory.invokeProvider(ProviderFactory.java:85)
	at org.apache.maven.surefire.booter.ForkedBooter.runSuitesInProcess(ForkedBooter.java:115)
	at org.apache.maven.surefire.booter.ForkedBooter.main(ForkedBooter.java:75)
Caused by: org.springframework.beans.factory.NoSuchBeanDefinitionException: No bean named &apos;userService&apos; is defined
	at org.springframework.beans.factory.support.DefaultListableBeanFactory.getBeanDefinition(DefaultListableBeanFactory.java:660)
	at org.springframework.beans.factory.support.AbstractBeanFactory.getMergedLocalBeanDefinition(AbstractBeanFactory.java:1157)
	at org.springframework.beans.factory.support.AbstractBeanFactory.doGetBean(AbstractBeanFactory.java:280)
	at org.springframework.beans.factory.support.AbstractBeanFactory.getBean(AbstractBeanFactory.java:198)
	at org.springframework.context.annotation.CommonAnnotationBeanPostProcessor.autowireResource(CommonAnnotationBeanPostProcessor.java:443)
	at org.springframework.context.annotation.CommonAnnotationBeanPostProcessor.getResource(CommonAnnotationBeanPostProcessor.java:417)
	at org.springframework.context.annotation.CommonAnnotationBeanPostProcessor$ResourceElement.getResourceToInject(CommonAnnotationBeanPostProcessor.java:542)
	at org.springframework.beans.factory.annotation.InjectionMetadata$InjectedElement.inject(InjectionMetadata.java:155)
	at org.springframework.beans.factory.annotation.InjectionMetadata.inject(InjectionMetadata.java:87)
	at org.springframework.context.annotation.CommonAnnotationBeanPostProcessor.postProcessPropertyValues(CommonAnnotationBeanPostProcessor.java:304)
	... 32 more
</system-out>
  </testcase>
</testsuite>